<?xml version="1.0" encoding="utf-8"?><testsuites name="pytest tests"><testsuite name="pytest" errors="0" failures="0" skipped="0" tests="76" time="8.957" timestamp="2026-09-17T11:13:23.702010+08:00" hostname="rul1"><testcase classname="tests.test_core_exceptions" name="test_app_error_carries_code_message_and_status_code" time="0.001" /><testcase classname="tests.test_core_exceptions" name="test_app_error_default_status_code_is_400" time="0.000" /><testcase classname="tests.test_core_exceptions" name="test_app_error_is_an_exception" time="0.000" /><testcase classname="tests.test_core_handlers" name="test_app_error_returns_unified_structure" time="0.011" /><testcase classname="tests.test_core_handlers" name="test_unhandled_error_returns_500_without_leaking_details" time="0.007" /><testcase classname="tests.test_core_schemas" name="test_api_response_defaults" time="0.000" /><testcase classname="tests.test_core_schemas" name="test_api_response_with_data" time="0.000" /><testcase classname="tests.test_core_schemas" name="test_error_response_fields" time="0.001" /><testcase classname="tests.test_engine" name="test_draw_questions_returns_correct_count_and_type" time="0.028" /><testcase classname="tests.test_engine" name="test_draw_questions_respects_segment_order_and_counts" time="0.018" /><testcase classname="tests.test_engine" name="test_draw_questions_raises_when_not_enough_questions" time="0.017" /><testcase classname="tests.test_engine" name="test_draw_questions_is_deterministic_with_seeded_rng" time="0.016" /><testcase classname="tests.test_engine" name="test_evaluate_answer_positive_when_all_points_hit" time="0.000" /><testcase classname="tests.test_engine" name="test_evaluate_answer_partial_lists_missed_points" time="0.000" /><testcase classname="tests.test_engine" name="test_evaluate_answer_hint_when_nothing_hits" time="0.000" /><testcase classname="tests.test_engine" name="test_evaluate_answer_without_reference_points" time="0.001" /><testcase classname="tests.test_interviews_api" name="test_create_interview_requires_auth" time="0.025" /><testcase classname="tests.test_interviews_api" name="test_create_interview_with_template" time="0.476" /><testcase classname="tests.test_interviews_api" name="test_create_interview_with_custom_config" time="0.461" /><testcase classname="tests.test_interviews_api" name="test_create_interview_invalid_config" time="0.459" /><testcase classname="tests.test_interviews_api" name="test_answer_and_finish_flow" time="0.492" /><testcase classname="tests.test_interviews_api" name="test_answer_cross_user_forbidden" time="0.896" /><testcase classname="tests.test_interviews_api" name="test_list_interviews" time="0.479" /><testcase classname="tests.test_interviews_service" name="test_create_session_returns_first_question" time="0.021" /><testcase classname="tests.test_interviews_service" name="test_create_session_with_custom_config" time="0.019" /><testcase classname="tests.test_interviews_service" name="test_create_session_without_config_raises" time="0.015" /><testcase classname="tests.test_interviews_service" name="test_submit_answer_returns_feedback_and_next" time="0.027" /><testcase classname="tests.test_interviews_service" name="test_submit_last_answer_completes_session" time="0.024" /><testcase classname="tests.test_interviews_service" name="test_submit_short_answer_is_blocked" time="0.021" /><testcase classname="tests.test_interviews_service" name="test_submit_answer_cross_user_forbidden" time="0.021" /><testcase classname="tests.test_interviews_service" name="test_submit_answer_missing_session_raises" time="0.016" /><testcase classname="tests.test_interviews_service" name="test_submit_answer_on_terminal_session_raises" time="0.029" /><testcase classname="tests.test_interviews_service" name="test_finish_session_sets_status" time="0.024" /><testcase classname="tests.test_interviews_service" name="test_finish_session_cross_user_forbidden" time="0.019" /><testcase classname="tests.test_interviews_service" name="test_list_sessions_only_returns_own" time="0.021" /><testcase classname="tests.test_questions_service" name="test_seed_if_empty_imports_questions" time="0.015" /><testcase classname="tests.test_questions_service" name="test_seed_if_empty_is_idempotent" time="0.015" /><testcase classname="tests.test_questions_service" name="test_seed_covers_all_directions_and_types" time="0.031" /><testcase classname="tests.test_questions_service" name="test_filter_questions_by_direction_and_type" time="0.016" /><testcase classname="tests.test_questions_service" name="test_filter_questions_by_difficulty" time="0.016" /><testcase classname="tests.test_questions_service" name="test_filter_questions_rejects_invalid_direction" time="0.014" /><testcase classname="tests.test_questions_service" name="test_filter_questions_rejects_invalid_question_type" time="0.014" /><testcase classname="tests.test_questions_service" name="test_filter_questions_rejects_invalid_difficulty" time="0.015" /><testcase classname="tests.test_reports_api" name="test_get_report_requires_auth" time="0.031" /><testcase classname="tests.test_reports_api" name="test_get_report_completed" time="0.541" /><testcase classname="tests.test_reports_api" name="test_get_report_in_progress" time="0.479" /><testcase classname="tests.test_reports_api" name="test_get_report_cross_user" time="0.914" /><testcase classname="tests.test_reports_service" name="test_get_report_for_completed_session" time="0.029" /><testcase classname="tests.test_reports_service" name="test_get_report_is_idempotent" time="0.041" /><testcase classname="tests.test_reports_service" name="test_get_report_for_finished_session_only_answered" time="0.031" /><testcase classname="tests.test_reports_service" name="test_get_report_in_progress_raises" time="0.019" /><testcase classname="tests.test_reports_service" name="test_get_report_missing_session_raises" time="0.015" /><testcase classname="tests.test_reports_service" name="test_get_report_cross_user_forbidden" time="0.024" /><testcase classname="tests.test_reports_service" name="test_generate_report_creates_row" time="0.032" /><testcase classname="tests.test_templates_api" name="test_list_templates_endpoint" time="0.024" /><testcase classname="tests.test_templates_service" name="test_seed_if_empty_creates_preset_templates" time="0.015" /><testcase classname="tests.test_templates_service" name="test_seed_if_empty_is_idempotent" time="0.015" /><testcase classname="tests.test_templates_service" name="test_validate_config_returns_direction_and_segments" time="0.020" /><testcase classname="tests.test_templates_service" name="test_validate_config_rejects_invalid_direction" time="0.014" /><testcase classname="tests.test_templates_service" name="test_validate_config_rejects_empty_segments" time="0.014" /><testcase classname="tests.test_templates_service" name="test_validate_config_rejects_invalid_type" time="0.017" /><testcase classname="tests.test_templates_service" name="test_validate_config_rejects_zero_count" time="0.014" /><testcase classname="tests.test_templates_service" name="test_validate_config_rejects_total_over_20" time="0.014" /><testcase classname="tests.test_templates_service" name="test_resolve_config_by_template_id" time="0.016" /><testcase classname="tests.test_templates_service" name="test_resolve_config_missing_template_raises" time="0.016" /><testcase classname="tests.test_templates_service" name="test_resolve_config_by_custom_config" time="0.014" /><testcase classname="tests.test_templates_service" name="test_resolve_config_without_input_raises" time="0.015" /><testcase classname="tests.test_users_api" name="test_register_endpoint" time="0.233" /><testcase classname="tests.test_users_api" name="test_login_endpoint" time="0.448" /><testcase classname="tests.test_users_api" name="test_login_wrong_password_returns_401" time="0.448" /><testcase classname="tests.test_users_api" name="test_register_duplicate_returns_409" time="0.237" /><testcase classname="tests.test_users_service" name="test_register_creates_user_and_returns_token" time="0.231" /><testcase classname="tests.test_users_service" name="test_register_duplicate_username_raises_409" time="0.225" /><testcase classname="tests.test_users_service" name="test_login_success_returns_token" time="0.429" /><testcase classname="tests.test_users_service" name="test_login_wrong_password_raises_401" time="0.426" /><testcase classname="tests.test_users_service" name="test_login_unknown_user_raises_401" time="0.015" /></testsuite></testsuites>